D:\GITHUB\BOOSTCLIENT\THREADCLIENT\DEBUG\THREADCLIENT.PCH
D:\GITHUB\BOOSTCLIENT\THREADCLIENT\DEBUG\STDAFX.OBJ
D:\GITHUB\BOOSTCLIENT\THREADCLIENT\DEBUG\VC110.PDB
D:\GITHUB\BOOSTCLIENT\THREADCLIENT\DEBUG\THREADCLIENT.OBJ
D:\GITHUB\BOOSTCLIENT\DEBUG\THREADCLIENT.ILK
D:\GITHUB\BOOSTCLIENT\DEBUG\THREADCLIENT.EXE
D:\GITHUB\BOOSTCLIENT\DEBUG\THREADCLIENT.PDB
D:\github\boostclient\threadclient\Debug\stdafx.obj
D:\github\boostclient\threadclient\Debug\threadclient.obj
D:\github\boostclient\threadclient\Debug\cl.command.1.tlog
D:\github\boostclient\threadclient\Debug\CL.read.1.tlog
D:\github\boostclient\threadclient\Debug\CL.write.1.tlog
D:\github\boostclient\threadclient\Debug\link-cvtres.read.1.tlog
D:\github\boostclient\threadclient\Debug\link-cvtres.write.1.tlog
D:\github\boostclient\threadclient\Debug\link-rc.read.1.tlog
D:\github\boostclient\threadclient\Debug\link-rc.write.1.tlog
D:\github\boostclient\threadclient\Debug\link.command.1.tlog
D:\github\boostclient\threadclient\Debug\link.read.1.tlog
D:\github\boostclient\threadclient\Debug\link.write.1.tlog
D:\github\boostclient\threadclient\Debug\threadclient.pch
D:\github\boostclient\threadclient\Debug\vc110.idb
D:\github\boostclient\threadclient\Debug\vc110.pdb
D:\github\boostclient\Debug\threadclient.pdb
D:\github\boostclient\Debug\threadclient.exe
D:\github\boostclient\Debug\threadclient.ilk
