D:\GITHUB\BOOSTCLIENT\CONSOLEAPPLICATION2\DEBUG\CONSOLEAPPLICATION2.PCH
D:\GITHUB\BOOSTCLIENT\CONSOLEAPPLICATION2\DEBUG\STDAFX.OBJ
D:\GITHUB\BOOSTCLIENT\CONSOLEAPPLICATION2\DEBUG\VC110.PDB
D:\GITHUB\BOOSTCLIENT\CONSOLEAPPLICATION2\DEBUG\CONSOLEAPPLICATION2.OBJ
D:\GITHUB\BOOSTCLIENT\DEBUG\CONSOLEAPPLICATION2.ILK
D:\GITHUB\BOOSTCLIENT\DEBUG\CONSOLEAPPLICATION2.EXE
D:\GITHUB\BOOSTCLIENT\DEBUG\CONSOLEAPPLICATION2.PDB
D:\github\boostclient\ConsoleApplication2\Debug\ConsoleApplication2.obj
D:\github\boostclient\ConsoleApplication2\Debug\stdafx.obj
D:\github\boostclient\ConsoleApplication2\Debug\cl.command.1.tlog
D:\github\boostclient\ConsoleApplication2\Debug\CL.read.1.tlog
D:\github\boostclient\ConsoleApplication2\Debug\CL.write.1.tlog
D:\github\boostclient\ConsoleApplication2\Debug\link-cvtres.read.1.tlog
D:\github\boostclient\ConsoleApplication2\Debug\link-cvtres.write.1.tlog
D:\github\boostclient\ConsoleApplication2\Debug\link-rc.read.1.tlog
D:\github\boostclient\ConsoleApplication2\Debug\link-rc.write.1.tlog
D:\github\boostclient\ConsoleApplication2\Debug\link.command.1.tlog
D:\github\boostclient\ConsoleApplication2\Debug\link.read.1.tlog
D:\github\boostclient\ConsoleApplication2\Debug\link.write.1.tlog
D:\github\boostclient\ConsoleApplication2\Debug\ConsoleApplication2.pch
D:\github\boostclient\ConsoleApplication2\Debug\vc110.idb
D:\github\boostclient\ConsoleApplication2\Debug\vc110.pdb
D:\github\boostclient\Debug\ConsoleApplication2.pdb
D:\github\boostclient\Debug\ConsoleApplication2.exe
D:\github\boostclient\Debug\ConsoleApplication2.ilk
